<?xml version="1.0" encoding="UTF-8"?>
<robot generator="Robot 7.2.2 (Python 3.13.3 on win32)" generated="2025-05-04T17:49:18.143155" rpa="false" schemaversion="5">
<suite id="s1" name="Negative Dispatch Tests" source="C:\Projects\RobotInterfaceProject\tests\suites\negative_dispatch_tests.robot">
<kw name="Create Fire Dispatch Session" owner="dispatch_keywords" type="SETUP">
<kw name="Create Session" owner="RequestsLibrary">
<msg time="2025-05-04T17:49:18.570609" level="INFO">Creating Session using : alias=fire_dispatch, url=http://localhost:5000, headers={},                     cookies={}, auth=None, timeout=None, proxies=None, verify=False,                     debug=0 </msg>
<arg>fire_dispatch</arg>
<arg>${BASE_URL}</arg>
<doc>Create Session: create a HTTP session to a server</doc>
<status status="PASS" start="2025-05-04T17:49:18.570479" elapsed="0.000269"/>
</kw>
<status status="PASS" start="2025-05-04T17:49:18.569985" elapsed="0.000823"/>
</kw>
<test id="s1-t1" name="Send Incomplete Dispatch (Negative Test)" line="12">
<kw name="Create incomplete dispatch" owner="dispatch_keywords">
<kw name="Create Dictionary" owner="BuiltIn">
<msg time="2025-05-04T17:49:18.571558" level="INFO">${bad_payload} = {'incident_id': '99999', 'type': 'Fire', 'priority': 'High'}</msg>
<var>${bad_payload}</var>
<arg>incident_id=99999</arg>
<arg>type=Fire</arg>
<arg>priority=High</arg>
<doc>Creates and returns a dictionary based on the given ``items``.</doc>
<status status="PASS" start="2025-05-04T17:49:18.571388" elapsed="0.000188"/>
</kw>
<return>
<value>${bad_payload}</value>
<status status="PASS" start="2025-05-04T17:49:18.571612" elapsed="0.000029"/>
</return>
<status status="PASS" start="2025-05-04T17:49:18.571243" elapsed="0.000462"/>
</kw>
<kw name="Send the request and expect error" owner="dispatch_keywords">
<kw name="Create incomplete dispatch" owner="dispatch_keywords">
<kw name="Create Dictionary" owner="BuiltIn">
<msg time="2025-05-04T17:49:18.572284" level="INFO">${bad_payload} = {'incident_id': '99999', 'type': 'Fire', 'priority': 'High'}</msg>
<var>${bad_payload}</var>
<arg>incident_id=99999</arg>
<arg>type=Fire</arg>
<arg>priority=High</arg>
<doc>Creates and returns a dictionary based on the given ``items``.</doc>
<status status="PASS" start="2025-05-04T17:49:18.572188" elapsed="0.000113"/>
</kw>
<return>
<value>${bad_payload}</value>
<status status="PASS" start="2025-05-04T17:49:18.572330" elapsed="0.000022"/>
</return>
<msg time="2025-05-04T17:49:18.572412" level="INFO">${bad_payload} = {'incident_id': '99999', 'type': 'Fire', 'priority': 'High'}</msg>
<var>${bad_payload}</var>
<status status="PASS" start="2025-05-04T17:49:18.572083" elapsed="0.000343"/>
</kw>
<kw name="Run Keyword And Expect Error" owner="BuiltIn">
<kw name="POST On Session" owner="RequestsLibrary">
<msg time="2025-05-04T17:49:20.606961" level="INFO">POST Request : url=http://localhost:5000/api/dispatch 
 path_url=/api/dispatch 
 headers={'User-Agent': 'python-requests/2.32.3', 'Accept-Encoding': 'gzip, deflate', 'Accept': '*/*', 'Connection': 'keep-alive', 'Content-Length': '60', 'Content-Type': 'application/json'} 
 body=b'{"incident_id": "99999", "type": "Fire", "priority": "High"}' 
 </msg>
<msg time="2025-05-04T17:49:20.607130" level="INFO">POST Response : url=http://localhost:5000/api/dispatch 
 status=400, reason=BAD REQUEST 
 headers={'Server': 'Werkzeug/3.1.3 Python/3.13.3', 'Date': 'Sun, 04 May 2025 20:49:20 GMT', 'Content-Type': 'application/json', 'Content-Length': '55', 'Connection': 'close'} 
 body={
  "message": "Missing fields",
  "status": "Error"
}
 
 </msg>
<msg time="2025-05-04T17:49:20.607355" level="FAIL">HTTPError: 400 Client Error: BAD REQUEST for url: http://localhost:5000/api/dispatch</msg>
<arg>fire_dispatch</arg>
<arg>/api/dispatch</arg>
<arg>json=${bad_payload}</arg>
<doc>Sends a POST request on a previously created HTTP Session.</doc>
<status status="FAIL" start="2025-05-04T17:49:18.572550" elapsed="2.038127">HTTPError: 400 Client Error: BAD REQUEST for url: http://localhost:5000/api/dispatch</status>
</kw>
<arg>HTTPError: 400*</arg>
<arg>POST On Session</arg>
<arg>fire_dispatch</arg>
<arg>/api/dispatch</arg>
<arg>json=${bad_payload}</arg>
<doc>Runs the keyword and checks that the expected error occurred.</doc>
<status status="PASS" start="2025-05-04T17:49:18.572478" elapsed="2.038589"/>
</kw>
<status status="PASS" start="2025-05-04T17:49:18.571946" elapsed="2.039246"/>
</kw>
<doc>Try sending a dispatch without location and expect error</doc>
<status status="PASS" start="2025-05-04T17:49:18.570850" elapsed="2.040902"/>
</test>
<kw name="Session Exists" owner="RequestsLibrary" type="TEARDOWN">
<arg>fire_dispatch</arg>
<doc>Return True if the session has been already created</doc>
<status status="PASS" start="2025-05-04T17:49:20.612859" elapsed="0.000124"/>
</kw>
<status status="PASS" start="2025-05-04T17:49:18.144052" elapsed="2.468958"/>
</suite>
<statistics>
<total>
<stat pass="1" fail="0" skip="0">All Tests</stat>
</total>
<tag>
</tag>
<suite>
<stat name="Negative Dispatch Tests" id="s1" pass="1" fail="0" skip="0">Negative Dispatch Tests</stat>
</suite>
</statistics>
<errors>
</errors>
</robot>
